[2025-09-15 10:52:17] INFO: Login attempt for username: Tilemachos
[2025-09-15 10:52:17] INFO: User 'Tilemachos' logged in successfully
[2025-09-15 10:52:35] INFO: Order fetched successfully
{
  "orderId": "68c558d5c2e7cc0fbcefd823",
  "user": {
    "_id": "687219ae950e276a8acf2c64",
    "firstName": "Σοφία",
    "lastName": "Βουτσά",
    "customers": [
      "687fa19eb1a65bc278d83c91",
      "68b6f386f8def748414ef5f4",
      "68b6faa950bf498787326647",
      "68c555c3c2e7cc0fbcefd7ce",
      "68c55891c2e7cc0fbcefd813"
    ],
    "orders": [
      "687fa3a9b1a65bc278d83cfb",
      "68b6f4d750bf49878732645e",
      "68b6f59250bf4987873264d5",
      "68c5552cc2e7cc0fbcefd7c2",
      "68c5568cc2e7cc0fbcefd7da",
      "68c55720c2e7cc0fbcefd7f9",
      "68c558d5c2e7cc0fbcefd823"
    ],
    "__v": 0,
    "createdAt": "2025-07-12T08:15:42.448Z",
    "updatedAt": "2025-09-13T11:43:17.566Z"
  },
  "route": "/api/orders/68c558d5c2e7cc0fbcefd823"
}
[2025-09-15 10:53:37] INFO: Order fetched successfully
{
  "orderId": "68c55720c2e7cc0fbcefd7f9",
  "user": {
    "_id": "687219ae950e276a8acf2c64",
    "firstName": "Σοφία",
    "lastName": "Βουτσά",
    "customers": [
      "687fa19eb1a65bc278d83c91",
      "68b6f386f8def748414ef5f4",
      "68b6faa950bf498787326647",
      "68c555c3c2e7cc0fbcefd7ce",
      "68c55891c2e7cc0fbcefd813"
    ],
    "orders": [
      "687fa3a9b1a65bc278d83cfb",
      "68b6f4d750bf49878732645e",
      "68b6f59250bf4987873264d5",
      "68c5552cc2e7cc0fbcefd7c2",
      "68c5568cc2e7cc0fbcefd7da",
      "68c55720c2e7cc0fbcefd7f9",
      "68c558d5c2e7cc0fbcefd823"
    ],
    "__v": 0,
    "createdAt": "2025-07-12T08:15:42.448Z",
    "updatedAt": "2025-09-13T11:43:17.566Z"
  },
  "route": "/api/orders/68c55720c2e7cc0fbcefd7f9"
}
[2025-09-15 10:53:47] INFO: Order fetched successfully
{
  "orderId": "68c5568cc2e7cc0fbcefd7da",
  "user": {
    "_id": "687219ae950e276a8acf2c64",
    "firstName": "Σοφία",
    "lastName": "Βουτσά",
    "customers": [
      "687fa19eb1a65bc278d83c91",
      "68b6f386f8def748414ef5f4",
      "68b6faa950bf498787326647",
      "68c555c3c2e7cc0fbcefd7ce",
      "68c55891c2e7cc0fbcefd813"
    ],
    "orders": [
      "687fa3a9b1a65bc278d83cfb",
      "68b6f4d750bf49878732645e",
      "68b6f59250bf4987873264d5",
      "68c5552cc2e7cc0fbcefd7c2",
      "68c5568cc2e7cc0fbcefd7da",
      "68c55720c2e7cc0fbcefd7f9",
      "68c558d5c2e7cc0fbcefd823"
    ],
    "__v": 0,
    "createdAt": "2025-07-12T08:15:42.448Z",
    "updatedAt": "2025-09-13T11:43:17.566Z"
  },
  "route": "/api/orders/68c5568cc2e7cc0fbcefd7da"
}
[2025-09-15 10:54:03] INFO: Order fetched successfully
{
  "orderId": "68c5552cc2e7cc0fbcefd7c2",
  "user": {
    "_id": "687219ae950e276a8acf2c64",
    "firstName": "Σοφία",
    "lastName": "Βουτσά",
    "customers": [
      "687fa19eb1a65bc278d83c91",
      "68b6f386f8def748414ef5f4",
      "68b6faa950bf498787326647",
      "68c555c3c2e7cc0fbcefd7ce",
      "68c55891c2e7cc0fbcefd813"
    ],
    "orders": [
      "687fa3a9b1a65bc278d83cfb",
      "68b6f4d750bf49878732645e",
      "68b6f59250bf4987873264d5",
      "68c5552cc2e7cc0fbcefd7c2",
      "68c5568cc2e7cc0fbcefd7da",
      "68c55720c2e7cc0fbcefd7f9",
      "68c558d5c2e7cc0fbcefd823"
    ],
    "__v": 0,
    "createdAt": "2025-07-12T08:15:42.448Z",
    "updatedAt": "2025-09-13T11:43:17.566Z"
  },
  "route": "/api/orders/68c5552cc2e7cc0fbcefd7c2"
}
[2025-09-15 10:54:28] INFO: Order fetched successfully
{
  "orderId": "68c558d5c2e7cc0fbcefd823",
  "user": {
    "_id": "687219ae950e276a8acf2c64",
    "firstName": "Σοφία",
    "lastName": "Βουτσά",
    "customers": [
      "687fa19eb1a65bc278d83c91",
      "68b6f386f8def748414ef5f4",
      "68b6faa950bf498787326647",
      "68c555c3c2e7cc0fbcefd7ce",
      "68c55891c2e7cc0fbcefd813"
    ],
    "orders": [
      "687fa3a9b1a65bc278d83cfb",
      "68b6f4d750bf49878732645e",
      "68b6f59250bf4987873264d5",
      "68c5552cc2e7cc0fbcefd7c2",
      "68c5568cc2e7cc0fbcefd7da",
      "68c55720c2e7cc0fbcefd7f9",
      "68c558d5c2e7cc0fbcefd823"
    ],
    "__v": 0,
    "createdAt": "2025-07-12T08:15:42.448Z",
    "updatedAt": "2025-09-13T11:43:17.566Z"
  },
  "route": "/api/orders/68c558d5c2e7cc0fbcefd823"
}
[2025-09-15 10:55:34] INFO: Order fetched successfully
{
  "orderId": "68c558d5c2e7cc0fbcefd823",
  "user": {
    "_id": "687219ae950e276a8acf2c64",
    "firstName": "Σοφία",
    "lastName": "Βουτσά",
    "customers": [
      "687fa19eb1a65bc278d83c91",
      "68b6f386f8def748414ef5f4",
      "68b6faa950bf498787326647",
      "68c555c3c2e7cc0fbcefd7ce",
      "68c55891c2e7cc0fbcefd813"
    ],
    "orders": [
      "687fa3a9b1a65bc278d83cfb",
      "68b6f4d750bf49878732645e",
      "68b6f59250bf4987873264d5",
      "68c5552cc2e7cc0fbcefd7c2",
      "68c5568cc2e7cc0fbcefd7da",
      "68c55720c2e7cc0fbcefd7f9",
      "68c558d5c2e7cc0fbcefd823"
    ],
    "__v": 0,
    "createdAt": "2025-07-12T08:15:42.448Z",
    "updatedAt": "2025-09-13T11:43:17.566Z"
  },
  "route": "/api/orders/68c558d5c2e7cc0fbcefd823"
}
[2025-09-15 10:57:52] INFO: Order fetched successfully
{
  "orderId": "68c558d5c2e7cc0fbcefd823",
  "user": {
    "_id": "687219ae950e276a8acf2c64",
    "firstName": "Σοφία",
    "lastName": "Βουτσά",
    "customers": [
      "687fa19eb1a65bc278d83c91",
      "68b6f386f8def748414ef5f4",
      "68b6faa950bf498787326647",
      "68c555c3c2e7cc0fbcefd7ce",
      "68c55891c2e7cc0fbcefd813"
    ],
    "orders": [
      "687fa3a9b1a65bc278d83cfb",
      "68b6f4d750bf49878732645e",
      "68b6f59250bf4987873264d5",
      "68c5552cc2e7cc0fbcefd7c2",
      "68c5568cc2e7cc0fbcefd7da",
      "68c55720c2e7cc0fbcefd7f9",
      "68c558d5c2e7cc0fbcefd823"
    ],
    "__v": 0,
    "createdAt": "2025-07-12T08:15:42.448Z",
    "updatedAt": "2025-09-13T11:43:17.566Z"
  },
  "route": "/api/orders/68c558d5c2e7cc0fbcefd823"
}
[2025-09-15 10:58:11] INFO: Order fetched successfully
{
  "orderId": "68c558d5c2e7cc0fbcefd823",
  "user": {
    "_id": "687219ae950e276a8acf2c64",
    "firstName": "Σοφία",
    "lastName": "Βουτσά",
    "customers": [
      "687fa19eb1a65bc278d83c91",
      "68b6f386f8def748414ef5f4",
      "68b6faa950bf498787326647",
      "68c555c3c2e7cc0fbcefd7ce",
      "68c55891c2e7cc0fbcefd813"
    ],
    "orders": [
      "687fa3a9b1a65bc278d83cfb",
      "68b6f4d750bf49878732645e",
      "68b6f59250bf4987873264d5",
      "68c5552cc2e7cc0fbcefd7c2",
      "68c5568cc2e7cc0fbcefd7da",
      "68c55720c2e7cc0fbcefd7f9",
      "68c558d5c2e7cc0fbcefd823"
    ],
    "__v": 0,
    "createdAt": "2025-07-12T08:15:42.448Z",
    "updatedAt": "2025-09-13T11:43:17.566Z"
  },
  "route": "/api/orders/68c558d5c2e7cc0fbcefd823"
}
[2025-09-15 10:59:38] INFO: Order fetched successfully
{
  "orderId": "68c5568cc2e7cc0fbcefd7da",
  "user": {
    "_id": "687219ae950e276a8acf2c64",
    "firstName": "Σοφία",
    "lastName": "Βουτσά",
    "customers": [
      "687fa19eb1a65bc278d83c91",
      "68b6f386f8def748414ef5f4",
      "68b6faa950bf498787326647",
      "68c555c3c2e7cc0fbcefd7ce",
      "68c55891c2e7cc0fbcefd813"
    ],
    "orders": [
      "687fa3a9b1a65bc278d83cfb",
      "68b6f4d750bf49878732645e",
      "68b6f59250bf4987873264d5",
      "68c5552cc2e7cc0fbcefd7c2",
      "68c5568cc2e7cc0fbcefd7da",
      "68c55720c2e7cc0fbcefd7f9",
      "68c558d5c2e7cc0fbcefd823"
    ],
    "__v": 0,
    "createdAt": "2025-07-12T08:15:42.448Z",
    "updatedAt": "2025-09-13T11:43:17.566Z"
  },
  "route": "/api/orders/68c5568cc2e7cc0fbcefd7da"
}
[2025-09-15 10:59:47] INFO: Order fetched successfully
{
  "orderId": "68c55720c2e7cc0fbcefd7f9",
  "user": {
    "_id": "687219ae950e276a8acf2c64",
    "firstName": "Σοφία",
    "lastName": "Βουτσά",
    "customers": [
      "687fa19eb1a65bc278d83c91",
      "68b6f386f8def748414ef5f4",
      "68b6faa950bf498787326647",
      "68c555c3c2e7cc0fbcefd7ce",
      "68c55891c2e7cc0fbcefd813"
    ],
    "orders": [
      "687fa3a9b1a65bc278d83cfb",
      "68b6f4d750bf49878732645e",
      "68b6f59250bf4987873264d5",
      "68c5552cc2e7cc0fbcefd7c2",
      "68c5568cc2e7cc0fbcefd7da",
      "68c55720c2e7cc0fbcefd7f9",
      "68c558d5c2e7cc0fbcefd823"
    ],
    "__v": 0,
    "createdAt": "2025-07-12T08:15:42.448Z",
    "updatedAt": "2025-09-13T11:43:17.566Z"
  },
  "route": "/api/orders/68c55720c2e7cc0fbcefd7f9"
}
[2025-09-15 11:00:35] INFO: Order fetched successfully
{
  "orderId": "68c5568cc2e7cc0fbcefd7da",
  "user": {
    "_id": "687219ae950e276a8acf2c64",
    "firstName": "Σοφία",
    "lastName": "Βουτσά",
    "customers": [
      "687fa19eb1a65bc278d83c91",
      "68b6f386f8def748414ef5f4",
      "68b6faa950bf498787326647",
      "68c555c3c2e7cc0fbcefd7ce",
      "68c55891c2e7cc0fbcefd813"
    ],
    "orders": [
      "687fa3a9b1a65bc278d83cfb",
      "68b6f4d750bf49878732645e",
      "68b6f59250bf4987873264d5",
      "68c5552cc2e7cc0fbcefd7c2",
      "68c5568cc2e7cc0fbcefd7da",
      "68c55720c2e7cc0fbcefd7f9",
      "68c558d5c2e7cc0fbcefd823"
    ],
    "__v": 0,
    "createdAt": "2025-07-12T08:15:42.448Z",
    "updatedAt": "2025-09-13T11:43:17.566Z"
  },
  "route": "/api/orders/68c5568cc2e7cc0fbcefd7da"
}
