[2025-11-07 11:14:49] INFO: Login attempt for username: Tania
[2025-11-07 11:14:49] INFO: User 'Tania' logged in successfully
[2025-11-07 11:15:54] INFO: Order fetched successfully
{
  "orderId": "68d542a0f02b2cd2a2d0a0c4",
  "user": {
    "_id": "687219ae950e276a8acf2c63",
    "firstName": "Θέη",
    "lastName": "Βαλασιάδου",
    "customers": [
      "68721b7e00e9c7eabff1f7c0",
      "68722887b3a6d0f4bf1a2e69",
      "68b6f6e450bf498787326597",
      "68d54130f02b2cd2a2d0a079",
      "68d657d1201e4abd3b08f582",
      "68d66181201e4abd3b08f6b8",
      "68d668de201e4abd3b08f7e0",
      "68d6913fa9041cf635c7a2de",
      "68d693d001dd4e590b3aad3a",
      "68e7dcff2bf51e71494ff376",
      "68e93787759b03503e410a11",
      "68e93921759b03503e410a67",
      "68ee45cf1e5de3ec0e2a527c",
      "68f267ccd73a621668c4baaf",
      "68fb6cd7ab8e37e8a828cbf4",
      "68fb9bc5ab8e37e8a828cd12",
      "6901d1f0a6118e4aad51bbea",
      "690394551933e01621fd2ab7",
      "690395431933e01621fd2afa",
      "6903995e1933e01621fd2cb0",
      "690cc79443dfc0cdd1ead434"
    ],
    "orders": [
      "68d541e1f02b2cd2a2d0a089",
      "68d5425df02b2cd2a2d0a0aa",
      "68d542a0f02b2cd2a2d0a0c4",
      "68d54deaf02b2cd2a2d0a163",
      "68d658f8201e4abd3b08f5fe",
      "68d662db201e4abd3b08f6db",
      "68d663e3201e4abd3b08f710",
      "68d6661d201e4abd3b08f7d3",
      "68d66bf4201e4abd3b08f7f4",
      "68d66ef7201e4abd3b08f82e",
      "68d6920ba9041cf635c7a2f6",
      "68d695bd01dd4e590b3aaddf",
      "68e7eeff2bf51e71494ff4f6",
      "68e7effe2bf51e71494ff543",
      "68e9380f759b03503e410a40",
      "68e93a82759b03503e410a97",
      "68e93af2759b03503e410adb",
      "68ee43a31e5de3ec0e2a5160",
      "68ee469f1e5de3ec0e2a52ad",
      "68ee47911e5de3ec0e2a53b1",
      "68f26803d73a621668c4bae2",
      "68fb60b3ab8e37e8a828cadc",
      "68fb658eab8e37e8a828cb4c",
      "68fb6db8ab8e37e8a828cc2e",
      "68fb6ea4ab8e37e8a828cc93",
      "68fb6f9bab8e37e8a828cced",
      "68fb9dcdab8e37e8a828cd4d",
      "6901d250a6118e4aad51bc23",
      "690396521933e01621fd2b42",
      "690397821933e01621fd2bee",
      "690397ec1933e01621fd2c7e",
      "69039b111933e01621fd2cf6",
      "69039b8c1933e01621fd2d63",
      "6905bf13b125cf4f9118e486",
      "6905c06bb125cf4f9118e4f9",
      "690cc92643dfc0cdd1ead483",
      "690cc96e43dfc0cdd1ead4fa",
      "690cc9ad43dfc0cdd1ead571"
    ],
    "__v": 0,
    "createdAt": "2025-07-12T08:15:42.446Z",
    "updatedAt": "2025-11-06T16:15:41.417Z"
  },
  "route": "/api/orders/68d542a0f02b2cd2a2d0a0c4"
}
[2025-11-07 11:16:04] INFO: Order fetched successfully
{
  "orderId": "68d542a0f02b2cd2a2d0a0c4",
  "user": {
    "_id": "687219ae950e276a8acf2c63",
    "firstName": "Θέη",
    "lastName": "Βαλασιάδου",
    "customers": [
      "68721b7e00e9c7eabff1f7c0",
      "68722887b3a6d0f4bf1a2e69",
      "68b6f6e450bf498787326597",
      "68d54130f02b2cd2a2d0a079",
      "68d657d1201e4abd3b08f582",
      "68d66181201e4abd3b08f6b8",
      "68d668de201e4abd3b08f7e0",
      "68d6913fa9041cf635c7a2de",
      "68d693d001dd4e590b3aad3a",
      "68e7dcff2bf51e71494ff376",
      "68e93787759b03503e410a11",
      "68e93921759b03503e410a67",
      "68ee45cf1e5de3ec0e2a527c",
      "68f267ccd73a621668c4baaf",
      "68fb6cd7ab8e37e8a828cbf4",
      "68fb9bc5ab8e37e8a828cd12",
      "6901d1f0a6118e4aad51bbea",
      "690394551933e01621fd2ab7",
      "690395431933e01621fd2afa",
      "6903995e1933e01621fd2cb0",
      "690cc79443dfc0cdd1ead434"
    ],
    "orders": [
      "68d541e1f02b2cd2a2d0a089",
      "68d5425df02b2cd2a2d0a0aa",
      "68d542a0f02b2cd2a2d0a0c4",
      "68d54deaf02b2cd2a2d0a163",
      "68d658f8201e4abd3b08f5fe",
      "68d662db201e4abd3b08f6db",
      "68d663e3201e4abd3b08f710",
      "68d6661d201e4abd3b08f7d3",
      "68d66bf4201e4abd3b08f7f4",
      "68d66ef7201e4abd3b08f82e",
      "68d6920ba9041cf635c7a2f6",
      "68d695bd01dd4e590b3aaddf",
      "68e7eeff2bf51e71494ff4f6",
      "68e7effe2bf51e71494ff543",
      "68e9380f759b03503e410a40",
      "68e93a82759b03503e410a97",
      "68e93af2759b03503e410adb",
      "68ee43a31e5de3ec0e2a5160",
      "68ee469f1e5de3ec0e2a52ad",
      "68ee47911e5de3ec0e2a53b1",
      "68f26803d73a621668c4bae2",
      "68fb60b3ab8e37e8a828cadc",
      "68fb658eab8e37e8a828cb4c",
      "68fb6db8ab8e37e8a828cc2e",
      "68fb6ea4ab8e37e8a828cc93",
      "68fb6f9bab8e37e8a828cced",
      "68fb9dcdab8e37e8a828cd4d",
      "6901d250a6118e4aad51bc23",
      "690396521933e01621fd2b42",
      "690397821933e01621fd2bee",
      "690397ec1933e01621fd2c7e",
      "69039b111933e01621fd2cf6",
      "69039b8c1933e01621fd2d63",
      "6905bf13b125cf4f9118e486",
      "6905c06bb125cf4f9118e4f9",
      "690cc92643dfc0cdd1ead483",
      "690cc96e43dfc0cdd1ead4fa",
      "690cc9ad43dfc0cdd1ead571"
    ],
    "__v": 0,
    "createdAt": "2025-07-12T08:15:42.446Z",
    "updatedAt": "2025-11-06T16:15:41.417Z"
  },
  "route": "/api/orders/68d542a0f02b2cd2a2d0a0c4"
}
[2025-11-07 12:16:19] INFO: Login attempt for username: Tania
[2025-11-07 12:16:19] INFO: User 'Tania' logged in successfully
[2025-11-07 12:16:56] INFO: Order fetched successfully
{
  "orderId": "68d66ef7201e4abd3b08f82e",
  "user": {
    "_id": "687219ae950e276a8acf2c63",
    "firstName": "Θέη",
    "lastName": "Βαλασιάδου",
    "customers": [
      "68721b7e00e9c7eabff1f7c0",
      "68722887b3a6d0f4bf1a2e69",
      "68b6f6e450bf498787326597",
      "68d54130f02b2cd2a2d0a079",
      "68d657d1201e4abd3b08f582",
      "68d66181201e4abd3b08f6b8",
      "68d668de201e4abd3b08f7e0",
      "68d6913fa9041cf635c7a2de",
      "68d693d001dd4e590b3aad3a",
      "68e7dcff2bf51e71494ff376",
      "68e93787759b03503e410a11",
      "68e93921759b03503e410a67",
      "68ee45cf1e5de3ec0e2a527c",
      "68f267ccd73a621668c4baaf",
      "68fb6cd7ab8e37e8a828cbf4",
      "68fb9bc5ab8e37e8a828cd12",
      "6901d1f0a6118e4aad51bbea",
      "690394551933e01621fd2ab7",
      "690395431933e01621fd2afa",
      "6903995e1933e01621fd2cb0",
      "690cc79443dfc0cdd1ead434"
    ],
    "orders": [
      "68d541e1f02b2cd2a2d0a089",
      "68d5425df02b2cd2a2d0a0aa",
      "68d542a0f02b2cd2a2d0a0c4",
      "68d54deaf02b2cd2a2d0a163",
      "68d658f8201e4abd3b08f5fe",
      "68d662db201e4abd3b08f6db",
      "68d663e3201e4abd3b08f710",
      "68d6661d201e4abd3b08f7d3",
      "68d66bf4201e4abd3b08f7f4",
      "68d66ef7201e4abd3b08f82e",
      "68d6920ba9041cf635c7a2f6",
      "68d695bd01dd4e590b3aaddf",
      "68e7eeff2bf51e71494ff4f6",
      "68e7effe2bf51e71494ff543",
      "68e9380f759b03503e410a40",
      "68e93a82759b03503e410a97",
      "68e93af2759b03503e410adb",
      "68ee43a31e5de3ec0e2a5160",
      "68ee469f1e5de3ec0e2a52ad",
      "68ee47911e5de3ec0e2a53b1",
      "68f26803d73a621668c4bae2",
      "68fb60b3ab8e37e8a828cadc",
      "68fb658eab8e37e8a828cb4c",
      "68fb6db8ab8e37e8a828cc2e",
      "68fb6ea4ab8e37e8a828cc93",
      "68fb6f9bab8e37e8a828cced",
      "68fb9dcdab8e37e8a828cd4d",
      "6901d250a6118e4aad51bc23",
      "690396521933e01621fd2b42",
      "690397821933e01621fd2bee",
      "690397ec1933e01621fd2c7e",
      "69039b111933e01621fd2cf6",
      "69039b8c1933e01621fd2d63",
      "6905bf13b125cf4f9118e486",
      "6905c06bb125cf4f9118e4f9",
      "690cc92643dfc0cdd1ead483",
      "690cc96e43dfc0cdd1ead4fa",
      "690cc9ad43dfc0cdd1ead571"
    ],
    "__v": 0,
    "createdAt": "2025-07-12T08:15:42.446Z",
    "updatedAt": "2025-11-06T16:15:41.417Z"
  },
  "route": "/api/orders/68d66ef7201e4abd3b08f82e"
}
[2025-11-07 12:17:28] INFO: Order fetched successfully
{
  "orderId": "68fb6f9bab8e37e8a828cced",
  "user": {
    "_id": "687219ae950e276a8acf2c63",
    "firstName": "Θέη",
    "lastName": "Βαλασιάδου",
    "customers": [
      "68721b7e00e9c7eabff1f7c0",
      "68722887b3a6d0f4bf1a2e69",
      "68b6f6e450bf498787326597",
      "68d54130f02b2cd2a2d0a079",
      "68d657d1201e4abd3b08f582",
      "68d66181201e4abd3b08f6b8",
      "68d668de201e4abd3b08f7e0",
      "68d6913fa9041cf635c7a2de",
      "68d693d001dd4e590b3aad3a",
      "68e7dcff2bf51e71494ff376",
      "68e93787759b03503e410a11",
      "68e93921759b03503e410a67",
      "68ee45cf1e5de3ec0e2a527c",
      "68f267ccd73a621668c4baaf",
      "68fb6cd7ab8e37e8a828cbf4",
      "68fb9bc5ab8e37e8a828cd12",
      "6901d1f0a6118e4aad51bbea",
      "690394551933e01621fd2ab7",
      "690395431933e01621fd2afa",
      "6903995e1933e01621fd2cb0",
      "690cc79443dfc0cdd1ead434"
    ],
    "orders": [
      "68d541e1f02b2cd2a2d0a089",
      "68d5425df02b2cd2a2d0a0aa",
      "68d542a0f02b2cd2a2d0a0c4",
      "68d54deaf02b2cd2a2d0a163",
      "68d658f8201e4abd3b08f5fe",
      "68d662db201e4abd3b08f6db",
      "68d663e3201e4abd3b08f710",
      "68d6661d201e4abd3b08f7d3",
      "68d66bf4201e4abd3b08f7f4",
      "68d66ef7201e4abd3b08f82e",
      "68d6920ba9041cf635c7a2f6",
      "68d695bd01dd4e590b3aaddf",
      "68e7eeff2bf51e71494ff4f6",
      "68e7effe2bf51e71494ff543",
      "68e9380f759b03503e410a40",
      "68e93a82759b03503e410a97",
      "68e93af2759b03503e410adb",
      "68ee43a31e5de3ec0e2a5160",
      "68ee469f1e5de3ec0e2a52ad",
      "68ee47911e5de3ec0e2a53b1",
      "68f26803d73a621668c4bae2",
      "68fb60b3ab8e37e8a828cadc",
      "68fb658eab8e37e8a828cb4c",
      "68fb6db8ab8e37e8a828cc2e",
      "68fb6ea4ab8e37e8a828cc93",
      "68fb6f9bab8e37e8a828cced",
      "68fb9dcdab8e37e8a828cd4d",
      "6901d250a6118e4aad51bc23",
      "690396521933e01621fd2b42",
      "690397821933e01621fd2bee",
      "690397ec1933e01621fd2c7e",
      "69039b111933e01621fd2cf6",
      "69039b8c1933e01621fd2d63",
      "6905bf13b125cf4f9118e486",
      "6905c06bb125cf4f9118e4f9",
      "690cc92643dfc0cdd1ead483",
      "690cc96e43dfc0cdd1ead4fa",
      "690cc9ad43dfc0cdd1ead571"
    ],
    "__v": 0,
    "createdAt": "2025-07-12T08:15:42.446Z",
    "updatedAt": "2025-11-06T16:15:41.417Z"
  },
  "route": "/api/orders/68fb6f9bab8e37e8a828cced"
}
[2025-11-07 12:17:31] INFO: Order fetched successfully
{
  "orderId": "68fb6db8ab8e37e8a828cc2e",
  "user": {
    "_id": "687219ae950e276a8acf2c63",
    "firstName": "Θέη",
    "lastName": "Βαλασιάδου",
    "customers": [
      "68721b7e00e9c7eabff1f7c0",
      "68722887b3a6d0f4bf1a2e69",
      "68b6f6e450bf498787326597",
      "68d54130f02b2cd2a2d0a079",
      "68d657d1201e4abd3b08f582",
      "68d66181201e4abd3b08f6b8",
      "68d668de201e4abd3b08f7e0",
      "68d6913fa9041cf635c7a2de",
      "68d693d001dd4e590b3aad3a",
      "68e7dcff2bf51e71494ff376",
      "68e93787759b03503e410a11",
      "68e93921759b03503e410a67",
      "68ee45cf1e5de3ec0e2a527c",
      "68f267ccd73a621668c4baaf",
      "68fb6cd7ab8e37e8a828cbf4",
      "68fb9bc5ab8e37e8a828cd12",
      "6901d1f0a6118e4aad51bbea",
      "690394551933e01621fd2ab7",
      "690395431933e01621fd2afa",
      "6903995e1933e01621fd2cb0",
      "690cc79443dfc0cdd1ead434"
    ],
    "orders": [
      "68d541e1f02b2cd2a2d0a089",
      "68d5425df02b2cd2a2d0a0aa",
      "68d542a0f02b2cd2a2d0a0c4",
      "68d54deaf02b2cd2a2d0a163",
      "68d658f8201e4abd3b08f5fe",
      "68d662db201e4abd3b08f6db",
      "68d663e3201e4abd3b08f710",
      "68d6661d201e4abd3b08f7d3",
      "68d66bf4201e4abd3b08f7f4",
      "68d66ef7201e4abd3b08f82e",
      "68d6920ba9041cf635c7a2f6",
      "68d695bd01dd4e590b3aaddf",
      "68e7eeff2bf51e71494ff4f6",
      "68e7effe2bf51e71494ff543",
      "68e9380f759b03503e410a40",
      "68e93a82759b03503e410a97",
      "68e93af2759b03503e410adb",
      "68ee43a31e5de3ec0e2a5160",
      "68ee469f1e5de3ec0e2a52ad",
      "68ee47911e5de3ec0e2a53b1",
      "68f26803d73a621668c4bae2",
      "68fb60b3ab8e37e8a828cadc",
      "68fb658eab8e37e8a828cb4c",
      "68fb6db8ab8e37e8a828cc2e",
      "68fb6ea4ab8e37e8a828cc93",
      "68fb6f9bab8e37e8a828cced",
      "68fb9dcdab8e37e8a828cd4d",
      "6901d250a6118e4aad51bc23",
      "690396521933e01621fd2b42",
      "690397821933e01621fd2bee",
      "690397ec1933e01621fd2c7e",
      "69039b111933e01621fd2cf6",
      "69039b8c1933e01621fd2d63",
      "6905bf13b125cf4f9118e486",
      "6905c06bb125cf4f9118e4f9",
      "690cc92643dfc0cdd1ead483",
      "690cc96e43dfc0cdd1ead4fa",
      "690cc9ad43dfc0cdd1ead571"
    ],
    "__v": 0,
    "createdAt": "2025-07-12T08:15:42.446Z",
    "updatedAt": "2025-11-06T16:15:41.417Z"
  },
  "route": "/api/orders/68fb6db8ab8e37e8a828cc2e"
}
[2025-11-07 12:17:42] INFO: Order fetched successfully
{
  "orderId": "68fb6db8ab8e37e8a828cc2e",
  "user": {
    "_id": "687219ae950e276a8acf2c63",
    "firstName": "Θέη",
    "lastName": "Βαλασιάδου",
    "customers": [
      "68721b7e00e9c7eabff1f7c0",
      "68722887b3a6d0f4bf1a2e69",
      "68b6f6e450bf498787326597",
      "68d54130f02b2cd2a2d0a079",
      "68d657d1201e4abd3b08f582",
      "68d66181201e4abd3b08f6b8",
      "68d668de201e4abd3b08f7e0",
      "68d6913fa9041cf635c7a2de",
      "68d693d001dd4e590b3aad3a",
      "68e7dcff2bf51e71494ff376",
      "68e93787759b03503e410a11",
      "68e93921759b03503e410a67",
      "68ee45cf1e5de3ec0e2a527c",
      "68f267ccd73a621668c4baaf",
      "68fb6cd7ab8e37e8a828cbf4",
      "68fb9bc5ab8e37e8a828cd12",
      "6901d1f0a6118e4aad51bbea",
      "690394551933e01621fd2ab7",
      "690395431933e01621fd2afa",
      "6903995e1933e01621fd2cb0",
      "690cc79443dfc0cdd1ead434"
    ],
    "orders": [
      "68d541e1f02b2cd2a2d0a089",
      "68d5425df02b2cd2a2d0a0aa",
      "68d542a0f02b2cd2a2d0a0c4",
      "68d54deaf02b2cd2a2d0a163",
      "68d658f8201e4abd3b08f5fe",
      "68d662db201e4abd3b08f6db",
      "68d663e3201e4abd3b08f710",
      "68d6661d201e4abd3b08f7d3",
      "68d66bf4201e4abd3b08f7f4",
      "68d66ef7201e4abd3b08f82e",
      "68d6920ba9041cf635c7a2f6",
      "68d695bd01dd4e590b3aaddf",
      "68e7eeff2bf51e71494ff4f6",
      "68e7effe2bf51e71494ff543",
      "68e9380f759b03503e410a40",
      "68e93a82759b03503e410a97",
      "68e93af2759b03503e410adb",
      "68ee43a31e5de3ec0e2a5160",
      "68ee469f1e5de3ec0e2a52ad",
      "68ee47911e5de3ec0e2a53b1",
      "68f26803d73a621668c4bae2",
      "68fb60b3ab8e37e8a828cadc",
      "68fb658eab8e37e8a828cb4c",
      "68fb6db8ab8e37e8a828cc2e",
      "68fb6ea4ab8e37e8a828cc93",
      "68fb6f9bab8e37e8a828cced",
      "68fb9dcdab8e37e8a828cd4d",
      "6901d250a6118e4aad51bc23",
      "690396521933e01621fd2b42",
      "690397821933e01621fd2bee",
      "690397ec1933e01621fd2c7e",
      "69039b111933e01621fd2cf6",
      "69039b8c1933e01621fd2d63",
      "6905bf13b125cf4f9118e486",
      "6905c06bb125cf4f9118e4f9",
      "690cc92643dfc0cdd1ead483",
      "690cc96e43dfc0cdd1ead4fa",
      "690cc9ad43dfc0cdd1ead571"
    ],
    "__v": 0,
    "createdAt": "2025-07-12T08:15:42.446Z",
    "updatedAt": "2025-11-06T16:15:41.417Z"
  },
  "route": "/api/orders/68fb6db8ab8e37e8a828cc2e"
}
[2025-11-07 12:17:49] INFO: Order fetched successfully
{
  "orderId": "68fb6f9bab8e37e8a828cced",
  "user": {
    "_id": "687219ae950e276a8acf2c63",
    "firstName": "Θέη",
    "lastName": "Βαλασιάδου",
    "customers": [
      "68721b7e00e9c7eabff1f7c0",
      "68722887b3a6d0f4bf1a2e69",
      "68b6f6e450bf498787326597",
      "68d54130f02b2cd2a2d0a079",
      "68d657d1201e4abd3b08f582",
      "68d66181201e4abd3b08f6b8",
      "68d668de201e4abd3b08f7e0",
      "68d6913fa9041cf635c7a2de",
      "68d693d001dd4e590b3aad3a",
      "68e7dcff2bf51e71494ff376",
      "68e93787759b03503e410a11",
      "68e93921759b03503e410a67",
      "68ee45cf1e5de3ec0e2a527c",
      "68f267ccd73a621668c4baaf",
      "68fb6cd7ab8e37e8a828cbf4",
      "68fb9bc5ab8e37e8a828cd12",
      "6901d1f0a6118e4aad51bbea",
      "690394551933e01621fd2ab7",
      "690395431933e01621fd2afa",
      "6903995e1933e01621fd2cb0",
      "690cc79443dfc0cdd1ead434"
    ],
    "orders": [
      "68d541e1f02b2cd2a2d0a089",
      "68d5425df02b2cd2a2d0a0aa",
      "68d542a0f02b2cd2a2d0a0c4",
      "68d54deaf02b2cd2a2d0a163",
      "68d658f8201e4abd3b08f5fe",
      "68d662db201e4abd3b08f6db",
      "68d663e3201e4abd3b08f710",
      "68d6661d201e4abd3b08f7d3",
      "68d66bf4201e4abd3b08f7f4",
      "68d66ef7201e4abd3b08f82e",
      "68d6920ba9041cf635c7a2f6",
      "68d695bd01dd4e590b3aaddf",
      "68e7eeff2bf51e71494ff4f6",
      "68e7effe2bf51e71494ff543",
      "68e9380f759b03503e410a40",
      "68e93a82759b03503e410a97",
      "68e93af2759b03503e410adb",
      "68ee43a31e5de3ec0e2a5160",
      "68ee469f1e5de3ec0e2a52ad",
      "68ee47911e5de3ec0e2a53b1",
      "68f26803d73a621668c4bae2",
      "68fb60b3ab8e37e8a828cadc",
      "68fb658eab8e37e8a828cb4c",
      "68fb6db8ab8e37e8a828cc2e",
      "68fb6ea4ab8e37e8a828cc93",
      "68fb6f9bab8e37e8a828cced",
      "68fb9dcdab8e37e8a828cd4d",
      "6901d250a6118e4aad51bc23",
      "690396521933e01621fd2b42",
      "690397821933e01621fd2bee",
      "690397ec1933e01621fd2c7e",
      "69039b111933e01621fd2cf6",
      "69039b8c1933e01621fd2d63",
      "6905bf13b125cf4f9118e486",
      "6905c06bb125cf4f9118e4f9",
      "690cc92643dfc0cdd1ead483",
      "690cc96e43dfc0cdd1ead4fa",
      "690cc9ad43dfc0cdd1ead571"
    ],
    "__v": 0,
    "createdAt": "2025-07-12T08:15:42.446Z",
    "updatedAt": "2025-11-06T16:15:41.417Z"
  },
  "route": "/api/orders/68fb6f9bab8e37e8a828cced"
}
[2025-11-07 12:18:36] INFO: Order fetched successfully
{
  "orderId": "68f604c6fa0d3cad88eb8da6",
  "user": {
    "_id": "687219ae950e276a8acf2c64",
    "firstName": "Σοφία",
    "lastName": "Βουτσά",
    "customers": [
      "687fa19eb1a65bc278d83c91",
      "68b6f386f8def748414ef5f4",
      "68b6faa950bf498787326647",
      "68c555c3c2e7cc0fbcefd7ce",
      "68c55891c2e7cc0fbcefd813",
      "68d3d5644a22c1616549d4e5",
      "68d3da7c4a22c1616549d56e",
      "68d3dda44a22c1616549d5c6",
      "68d3df8c4a22c1616549d5fc",
      "68d5782bf02b2cd2a2d0a1ab",
      "68d579efaab54c34caf12d38",
      "68d57b2daab54c34caf12d5b",
      "68d57d04aab54c34caf12dd5",
      "68d693af01dd4e590b3aad20",
      "68da7a17c8df5d8f086ea3e5",
      "68dbb2bb339fcc4fdaf91c37",
      "68dfd2155beb51da3abbded2",
      "68f603b9fa0d3cad88eb8d72",
      "68f60985fa0d3cad88eb9041",
      "68fb5246ab8e37e8a828c97b",
      "6905cbbeb125cf4f9118e521",
      "6905fe66b125cf4f9118e61e"
    ],
    "orders": [
      "687fa3a9b1a65bc278d83cfb",
      "68b6f4d750bf49878732645e",
      "68b6f59250bf4987873264d5",
      "68c5552cc2e7cc0fbcefd7c2",
      "68c5568cc2e7cc0fbcefd7da",
      "68c55720c2e7cc0fbcefd7f9",
      "68c558d5c2e7cc0fbcefd823",
      "68d3d7014a22c1616549d510",
      "68d3d8c44a22c1616549d52a",
      "68d3d8f14a22c1616549d540",
      "68d3d9cd4a22c1616549d560",
      "68d3dc014a22c1616549d57c",
      "68d3dce34a22c1616549d59f",
      "68d3dd0c4a22c1616549d5b7",
      "68d3dddd4a22c1616549d5d5",
      "68d3df3b4a22c1616549d5ed",
      "68d3dfba4a22c1616549d60b",
      "68d3e0604a22c1616549d632",
      "68d57899f02b2cd2a2d0a1bc",
      "68d57910aab54c34caf12d0a",
      "68d5795daab54c34caf12d27",
      "68d57abbaab54c34caf12d4a",
      "68d57b7eaab54c34caf12d6d",
      "68d57c04aab54c34caf12d8a",
      "68d57c2baab54c34caf12da7",
      "68d57c55aab54c34caf12dc4",
      "68d58042aab54c34caf12e07",
      "68d58066aab54c34caf12e24",
      "68d580fdaab54c34caf12e41",
      "68d6943501dd4e590b3aad53",
      "68da79a4c8df5d8f086ea3ce",
      "68da7a80c8df5d8f086ea407",
      "68da7ad1c8df5d8f086ea43a",
      "68dbb4d3339fcc4fdaf91c8a",
      "68dbe11d339fcc4fdaf91f65",
      "68dfd26b5beb51da3abbdef9",
      "68e7e9ea2bf51e71494ff40b",
      "68f604c6fa0d3cad88eb8da6",
      "68f60567fa0d3cad88eb8e01",
      "68f605abfa0d3cad88eb8e51",
      "68f6069efa0d3cad88eb8ee0",
      "68f60741fa0d3cad88eb8f3f",
      "68f60822fa0d3cad88eb8fac",
      "68f60894fa0d3cad88eb9014",
      "68f609defa0d3cad88eb9077",
      "68f60a13fa0d3cad88eb90cd",
      "68f60a3efa0d3cad88eb911f",
      "68fb5391ab8e37e8a828c9b1",
      "6903b4691933e01621fd2dfd",
      "6905d641b125cf4f9118e56e",
      "6905d8a9b125cf4f9118e5f2",
      "6905feaeb125cf4f9118e66c",
      "6906030cb125cf4f9118e6e2"
    ],
    "__v": 0,
    "createdAt": "2025-07-12T08:15:42.448Z",
    "updatedAt": "2025-11-01T12:54:36.644Z"
  },
  "route": "/api/orders/68f604c6fa0d3cad88eb8da6"
}
[2025-11-07 12:18:40] INFO: Order fetched successfully
{
  "orderId": "68f605abfa0d3cad88eb8e51",
  "user": {
    "_id": "687219ae950e276a8acf2c64",
    "firstName": "Σοφία",
    "lastName": "Βουτσά",
    "customers": [
      "687fa19eb1a65bc278d83c91",
      "68b6f386f8def748414ef5f4",
      "68b6faa950bf498787326647",
      "68c555c3c2e7cc0fbcefd7ce",
      "68c55891c2e7cc0fbcefd813",
      "68d3d5644a22c1616549d4e5",
      "68d3da7c4a22c1616549d56e",
      "68d3dda44a22c1616549d5c6",
      "68d3df8c4a22c1616549d5fc",
      "68d5782bf02b2cd2a2d0a1ab",
      "68d579efaab54c34caf12d38",
      "68d57b2daab54c34caf12d5b",
      "68d57d04aab54c34caf12dd5",
      "68d693af01dd4e590b3aad20",
      "68da7a17c8df5d8f086ea3e5",
      "68dbb2bb339fcc4fdaf91c37",
      "68dfd2155beb51da3abbded2",
      "68f603b9fa0d3cad88eb8d72",
      "68f60985fa0d3cad88eb9041",
      "68fb5246ab8e37e8a828c97b",
      "6905cbbeb125cf4f9118e521",
      "6905fe66b125cf4f9118e61e"
    ],
    "orders": [
      "687fa3a9b1a65bc278d83cfb",
      "68b6f4d750bf49878732645e",
      "68b6f59250bf4987873264d5",
      "68c5552cc2e7cc0fbcefd7c2",
      "68c5568cc2e7cc0fbcefd7da",
      "68c55720c2e7cc0fbcefd7f9",
      "68c558d5c2e7cc0fbcefd823",
      "68d3d7014a22c1616549d510",
      "68d3d8c44a22c1616549d52a",
      "68d3d8f14a22c1616549d540",
      "68d3d9cd4a22c1616549d560",
      "68d3dc014a22c1616549d57c",
      "68d3dce34a22c1616549d59f",
      "68d3dd0c4a22c1616549d5b7",
      "68d3dddd4a22c1616549d5d5",
      "68d3df3b4a22c1616549d5ed",
      "68d3dfba4a22c1616549d60b",
      "68d3e0604a22c1616549d632",
      "68d57899f02b2cd2a2d0a1bc",
      "68d57910aab54c34caf12d0a",
      "68d5795daab54c34caf12d27",
      "68d57abbaab54c34caf12d4a",
      "68d57b7eaab54c34caf12d6d",
      "68d57c04aab54c34caf12d8a",
      "68d57c2baab54c34caf12da7",
      "68d57c55aab54c34caf12dc4",
      "68d58042aab54c34caf12e07",
      "68d58066aab54c34caf12e24",
      "68d580fdaab54c34caf12e41",
      "68d6943501dd4e590b3aad53",
      "68da79a4c8df5d8f086ea3ce",
      "68da7a80c8df5d8f086ea407",
      "68da7ad1c8df5d8f086ea43a",
      "68dbb4d3339fcc4fdaf91c8a",
      "68dbe11d339fcc4fdaf91f65",
      "68dfd26b5beb51da3abbdef9",
      "68e7e9ea2bf51e71494ff40b",
      "68f604c6fa0d3cad88eb8da6",
      "68f60567fa0d3cad88eb8e01",
      "68f605abfa0d3cad88eb8e51",
      "68f6069efa0d3cad88eb8ee0",
      "68f60741fa0d3cad88eb8f3f",
      "68f60822fa0d3cad88eb8fac",
      "68f60894fa0d3cad88eb9014",
      "68f609defa0d3cad88eb9077",
      "68f60a13fa0d3cad88eb90cd",
      "68f60a3efa0d3cad88eb911f",
      "68fb5391ab8e37e8a828c9b1",
      "6903b4691933e01621fd2dfd",
      "6905d641b125cf4f9118e56e",
      "6905d8a9b125cf4f9118e5f2",
      "6905feaeb125cf4f9118e66c",
      "6906030cb125cf4f9118e6e2"
    ],
    "__v": 0,
    "createdAt": "2025-07-12T08:15:42.448Z",
    "updatedAt": "2025-11-01T12:54:36.644Z"
  },
  "route": "/api/orders/68f605abfa0d3cad88eb8e51"
}
[2025-11-07 12:37:32] INFO: Login attempt for username: Tania
[2025-11-07 12:37:32] INFO: User 'Tania' logged in successfully
[2025-11-07 12:37:54] INFO: Order fetched successfully
{
  "orderId": "68d57899f02b2cd2a2d0a1bc",
  "user": {
    "_id": "687219ae950e276a8acf2c64",
    "firstName": "Σοφία",
    "lastName": "Βουτσά",
    "customers": [
      "687fa19eb1a65bc278d83c91",
      "68b6f386f8def748414ef5f4",
      "68b6faa950bf498787326647",
      "68c555c3c2e7cc0fbcefd7ce",
      "68c55891c2e7cc0fbcefd813",
      "68d3d5644a22c1616549d4e5",
      "68d3da7c4a22c1616549d56e",
      "68d3dda44a22c1616549d5c6",
      "68d3df8c4a22c1616549d5fc",
      "68d5782bf02b2cd2a2d0a1ab",
      "68d579efaab54c34caf12d38",
      "68d57b2daab54c34caf12d5b",
      "68d57d04aab54c34caf12dd5",
      "68d693af01dd4e590b3aad20",
      "68da7a17c8df5d8f086ea3e5",
      "68dbb2bb339fcc4fdaf91c37",
      "68dfd2155beb51da3abbded2",
      "68f603b9fa0d3cad88eb8d72",
      "68f60985fa0d3cad88eb9041",
      "68fb5246ab8e37e8a828c97b",
      "6905cbbeb125cf4f9118e521",
      "6905fe66b125cf4f9118e61e"
    ],
    "orders": [
      "687fa3a9b1a65bc278d83cfb",
      "68b6f4d750bf49878732645e",
      "68b6f59250bf4987873264d5",
      "68c5552cc2e7cc0fbcefd7c2",
      "68c5568cc2e7cc0fbcefd7da",
      "68c55720c2e7cc0fbcefd7f9",
      "68c558d5c2e7cc0fbcefd823",
      "68d3d7014a22c1616549d510",
      "68d3d8c44a22c1616549d52a",
      "68d3d8f14a22c1616549d540",
      "68d3d9cd4a22c1616549d560",
      "68d3dc014a22c1616549d57c",
      "68d3dce34a22c1616549d59f",
      "68d3dd0c4a22c1616549d5b7",
      "68d3dddd4a22c1616549d5d5",
      "68d3df3b4a22c1616549d5ed",
      "68d3dfba4a22c1616549d60b",
      "68d3e0604a22c1616549d632",
      "68d57899f02b2cd2a2d0a1bc",
      "68d57910aab54c34caf12d0a",
      "68d5795daab54c34caf12d27",
      "68d57abbaab54c34caf12d4a",
      "68d57b7eaab54c34caf12d6d",
      "68d57c04aab54c34caf12d8a",
      "68d57c2baab54c34caf12da7",
      "68d57c55aab54c34caf12dc4",
      "68d58042aab54c34caf12e07",
      "68d58066aab54c34caf12e24",
      "68d580fdaab54c34caf12e41",
      "68d6943501dd4e590b3aad53",
      "68da79a4c8df5d8f086ea3ce",
      "68da7a80c8df5d8f086ea407",
      "68da7ad1c8df5d8f086ea43a",
      "68dbb4d3339fcc4fdaf91c8a",
      "68dbe11d339fcc4fdaf91f65",
      "68dfd26b5beb51da3abbdef9",
      "68e7e9ea2bf51e71494ff40b",
      "68f604c6fa0d3cad88eb8da6",
      "68f60567fa0d3cad88eb8e01",
      "68f605abfa0d3cad88eb8e51",
      "68f6069efa0d3cad88eb8ee0",
      "68f60741fa0d3cad88eb8f3f",
      "68f60822fa0d3cad88eb8fac",
      "68f60894fa0d3cad88eb9014",
      "68f609defa0d3cad88eb9077",
      "68f60a13fa0d3cad88eb90cd",
      "68f60a3efa0d3cad88eb911f",
      "68fb5391ab8e37e8a828c9b1",
      "6903b4691933e01621fd2dfd",
      "6905d641b125cf4f9118e56e",
      "6905d8a9b125cf4f9118e5f2",
      "6905feaeb125cf4f9118e66c",
      "6906030cb125cf4f9118e6e2"
    ],
    "__v": 0,
    "createdAt": "2025-07-12T08:15:42.448Z",
    "updatedAt": "2025-11-01T12:54:36.644Z"
  },
  "route": "/api/orders/68d57899f02b2cd2a2d0a1bc"
}
[2025-11-07 12:38:56] INFO: Order fetched successfully
{
  "orderId": "68d57910aab54c34caf12d0a",
  "user": {
    "_id": "687219ae950e276a8acf2c64",
    "firstName": "Σοφία",
    "lastName": "Βουτσά",
    "customers": [
      "687fa19eb1a65bc278d83c91",
      "68b6f386f8def748414ef5f4",
      "68b6faa950bf498787326647",
      "68c555c3c2e7cc0fbcefd7ce",
      "68c55891c2e7cc0fbcefd813",
      "68d3d5644a22c1616549d4e5",
      "68d3da7c4a22c1616549d56e",
      "68d3dda44a22c1616549d5c6",
      "68d3df8c4a22c1616549d5fc",
      "68d5782bf02b2cd2a2d0a1ab",
      "68d579efaab54c34caf12d38",
      "68d57b2daab54c34caf12d5b",
      "68d57d04aab54c34caf12dd5",
      "68d693af01dd4e590b3aad20",
      "68da7a17c8df5d8f086ea3e5",
      "68dbb2bb339fcc4fdaf91c37",
      "68dfd2155beb51da3abbded2",
      "68f603b9fa0d3cad88eb8d72",
      "68f60985fa0d3cad88eb9041",
      "68fb5246ab8e37e8a828c97b",
      "6905cbbeb125cf4f9118e521",
      "6905fe66b125cf4f9118e61e"
    ],
    "orders": [
      "687fa3a9b1a65bc278d83cfb",
      "68b6f4d750bf49878732645e",
      "68b6f59250bf4987873264d5",
      "68c5552cc2e7cc0fbcefd7c2",
      "68c5568cc2e7cc0fbcefd7da",
      "68c55720c2e7cc0fbcefd7f9",
      "68c558d5c2e7cc0fbcefd823",
      "68d3d7014a22c1616549d510",
      "68d3d8c44a22c1616549d52a",
      "68d3d8f14a22c1616549d540",
      "68d3d9cd4a22c1616549d560",
      "68d3dc014a22c1616549d57c",
      "68d3dce34a22c1616549d59f",
      "68d3dd0c4a22c1616549d5b7",
      "68d3dddd4a22c1616549d5d5",
      "68d3df3b4a22c1616549d5ed",
      "68d3dfba4a22c1616549d60b",
      "68d3e0604a22c1616549d632",
      "68d57899f02b2cd2a2d0a1bc",
      "68d57910aab54c34caf12d0a",
      "68d5795daab54c34caf12d27",
      "68d57abbaab54c34caf12d4a",
      "68d57b7eaab54c34caf12d6d",
      "68d57c04aab54c34caf12d8a",
      "68d57c2baab54c34caf12da7",
      "68d57c55aab54c34caf12dc4",
      "68d58042aab54c34caf12e07",
      "68d58066aab54c34caf12e24",
      "68d580fdaab54c34caf12e41",
      "68d6943501dd4e590b3aad53",
      "68da79a4c8df5d8f086ea3ce",
      "68da7a80c8df5d8f086ea407",
      "68da7ad1c8df5d8f086ea43a",
      "68dbb4d3339fcc4fdaf91c8a",
      "68dbe11d339fcc4fdaf91f65",
      "68dfd26b5beb51da3abbdef9",
      "68e7e9ea2bf51e71494ff40b",
      "68f604c6fa0d3cad88eb8da6",
      "68f60567fa0d3cad88eb8e01",
      "68f605abfa0d3cad88eb8e51",
      "68f6069efa0d3cad88eb8ee0",
      "68f60741fa0d3cad88eb8f3f",
      "68f60822fa0d3cad88eb8fac",
      "68f60894fa0d3cad88eb9014",
      "68f609defa0d3cad88eb9077",
      "68f60a13fa0d3cad88eb90cd",
      "68f60a3efa0d3cad88eb911f",
      "68fb5391ab8e37e8a828c9b1",
      "6903b4691933e01621fd2dfd",
      "6905d641b125cf4f9118e56e",
      "6905d8a9b125cf4f9118e5f2",
      "6905feaeb125cf4f9118e66c",
      "6906030cb125cf4f9118e6e2"
    ],
    "__v": 0,
    "createdAt": "2025-07-12T08:15:42.448Z",
    "updatedAt": "2025-11-01T12:54:36.644Z"
  },
  "route": "/api/orders/68d57910aab54c34caf12d0a"
}
[2025-11-07 12:40:19] INFO: Order fetched successfully
{
  "orderId": "68d57899f02b2cd2a2d0a1bc",
  "user": {
    "_id": "687219ae950e276a8acf2c64",
    "firstName": "Σοφία",
    "lastName": "Βουτσά",
    "customers": [
      "687fa19eb1a65bc278d83c91",
      "68b6f386f8def748414ef5f4",
      "68b6faa950bf498787326647",
      "68c555c3c2e7cc0fbcefd7ce",
      "68c55891c2e7cc0fbcefd813",
      "68d3d5644a22c1616549d4e5",
      "68d3da7c4a22c1616549d56e",
      "68d3dda44a22c1616549d5c6",
      "68d3df8c4a22c1616549d5fc",
      "68d5782bf02b2cd2a2d0a1ab",
      "68d579efaab54c34caf12d38",
      "68d57b2daab54c34caf12d5b",
      "68d57d04aab54c34caf12dd5",
      "68d693af01dd4e590b3aad20",
      "68da7a17c8df5d8f086ea3e5",
      "68dbb2bb339fcc4fdaf91c37",
      "68dfd2155beb51da3abbded2",
      "68f603b9fa0d3cad88eb8d72",
      "68f60985fa0d3cad88eb9041",
      "68fb5246ab8e37e8a828c97b",
      "6905cbbeb125cf4f9118e521",
      "6905fe66b125cf4f9118e61e"
    ],
    "orders": [
      "687fa3a9b1a65bc278d83cfb",
      "68b6f4d750bf49878732645e",
      "68b6f59250bf4987873264d5",
      "68c5552cc2e7cc0fbcefd7c2",
      "68c5568cc2e7cc0fbcefd7da",
      "68c55720c2e7cc0fbcefd7f9",
      "68c558d5c2e7cc0fbcefd823",
      "68d3d7014a22c1616549d510",
      "68d3d8c44a22c1616549d52a",
      "68d3d8f14a22c1616549d540",
      "68d3d9cd4a22c1616549d560",
      "68d3dc014a22c1616549d57c",
      "68d3dce34a22c1616549d59f",
      "68d3dd0c4a22c1616549d5b7",
      "68d3dddd4a22c1616549d5d5",
      "68d3df3b4a22c1616549d5ed",
      "68d3dfba4a22c1616549d60b",
      "68d3e0604a22c1616549d632",
      "68d57899f02b2cd2a2d0a1bc",
      "68d57910aab54c34caf12d0a",
      "68d5795daab54c34caf12d27",
      "68d57abbaab54c34caf12d4a",
      "68d57b7eaab54c34caf12d6d",
      "68d57c04aab54c34caf12d8a",
      "68d57c2baab54c34caf12da7",
      "68d57c55aab54c34caf12dc4",
      "68d58042aab54c34caf12e07",
      "68d58066aab54c34caf12e24",
      "68d580fdaab54c34caf12e41",
      "68d6943501dd4e590b3aad53",
      "68da79a4c8df5d8f086ea3ce",
      "68da7a80c8df5d8f086ea407",
      "68da7ad1c8df5d8f086ea43a",
      "68dbb4d3339fcc4fdaf91c8a",
      "68dbe11d339fcc4fdaf91f65",
      "68dfd26b5beb51da3abbdef9",
      "68e7e9ea2bf51e71494ff40b",
      "68f604c6fa0d3cad88eb8da6",
      "68f60567fa0d3cad88eb8e01",
      "68f605abfa0d3cad88eb8e51",
      "68f6069efa0d3cad88eb8ee0",
      "68f60741fa0d3cad88eb8f3f",
      "68f60822fa0d3cad88eb8fac",
      "68f60894fa0d3cad88eb9014",
      "68f609defa0d3cad88eb9077",
      "68f60a13fa0d3cad88eb90cd",
      "68f60a3efa0d3cad88eb911f",
      "68fb5391ab8e37e8a828c9b1",
      "6903b4691933e01621fd2dfd",
      "6905d641b125cf4f9118e56e",
      "6905d8a9b125cf4f9118e5f2",
      "6905feaeb125cf4f9118e66c",
      "6906030cb125cf4f9118e6e2"
    ],
    "__v": 0,
    "createdAt": "2025-07-12T08:15:42.448Z",
    "updatedAt": "2025-11-01T12:54:36.644Z"
  },
  "route": "/api/orders/68d57899f02b2cd2a2d0a1bc"
}
[2025-11-07 13:13:10] INFO: Login attempt for username: Tania
[2025-11-07 13:13:10] INFO: User 'Tania' logged in successfully
[2025-11-07 13:14:14] INFO: Order fetched successfully
{
  "orderId": "68d57899f02b2cd2a2d0a1bc",
  "user": {
    "_id": "687219ae950e276a8acf2c64",
    "firstName": "Σοφία",
    "lastName": "Βουτσά",
    "customers": [
      "687fa19eb1a65bc278d83c91",
      "68b6f386f8def748414ef5f4",
      "68b6faa950bf498787326647",
      "68c555c3c2e7cc0fbcefd7ce",
      "68c55891c2e7cc0fbcefd813",
      "68d3d5644a22c1616549d4e5",
      "68d3da7c4a22c1616549d56e",
      "68d3dda44a22c1616549d5c6",
      "68d3df8c4a22c1616549d5fc",
      "68d5782bf02b2cd2a2d0a1ab",
      "68d579efaab54c34caf12d38",
      "68d57b2daab54c34caf12d5b",
      "68d57d04aab54c34caf12dd5",
      "68d693af01dd4e590b3aad20",
      "68da7a17c8df5d8f086ea3e5",
      "68dbb2bb339fcc4fdaf91c37",
      "68dfd2155beb51da3abbded2",
      "68f603b9fa0d3cad88eb8d72",
      "68f60985fa0d3cad88eb9041",
      "68fb5246ab8e37e8a828c97b",
      "6905cbbeb125cf4f9118e521",
      "6905fe66b125cf4f9118e61e"
    ],
    "orders": [
      "687fa3a9b1a65bc278d83cfb",
      "68b6f4d750bf49878732645e",
      "68b6f59250bf4987873264d5",
      "68c5552cc2e7cc0fbcefd7c2",
      "68c5568cc2e7cc0fbcefd7da",
      "68c55720c2e7cc0fbcefd7f9",
      "68c558d5c2e7cc0fbcefd823",
      "68d3d7014a22c1616549d510",
      "68d3d8c44a22c1616549d52a",
      "68d3d8f14a22c1616549d540",
      "68d3d9cd4a22c1616549d560",
      "68d3dc014a22c1616549d57c",
      "68d3dce34a22c1616549d59f",
      "68d3dd0c4a22c1616549d5b7",
      "68d3dddd4a22c1616549d5d5",
      "68d3df3b4a22c1616549d5ed",
      "68d3dfba4a22c1616549d60b",
      "68d3e0604a22c1616549d632",
      "68d57899f02b2cd2a2d0a1bc",
      "68d57910aab54c34caf12d0a",
      "68d5795daab54c34caf12d27",
      "68d57abbaab54c34caf12d4a",
      "68d57b7eaab54c34caf12d6d",
      "68d57c04aab54c34caf12d8a",
      "68d57c2baab54c34caf12da7",
      "68d57c55aab54c34caf12dc4",
      "68d58042aab54c34caf12e07",
      "68d58066aab54c34caf12e24",
      "68d580fdaab54c34caf12e41",
      "68d6943501dd4e590b3aad53",
      "68da79a4c8df5d8f086ea3ce",
      "68da7a80c8df5d8f086ea407",
      "68da7ad1c8df5d8f086ea43a",
      "68dbb4d3339fcc4fdaf91c8a",
      "68dbe11d339fcc4fdaf91f65",
      "68dfd26b5beb51da3abbdef9",
      "68e7e9ea2bf51e71494ff40b",
      "68f604c6fa0d3cad88eb8da6",
      "68f60567fa0d3cad88eb8e01",
      "68f605abfa0d3cad88eb8e51",
      "68f6069efa0d3cad88eb8ee0",
      "68f60741fa0d3cad88eb8f3f",
      "68f60822fa0d3cad88eb8fac",
      "68f60894fa0d3cad88eb9014",
      "68f609defa0d3cad88eb9077",
      "68f60a13fa0d3cad88eb90cd",
      "68f60a3efa0d3cad88eb911f",
      "68fb5391ab8e37e8a828c9b1",
      "6903b4691933e01621fd2dfd",
      "6905d641b125cf4f9118e56e",
      "6905d8a9b125cf4f9118e5f2",
      "6905feaeb125cf4f9118e66c",
      "6906030cb125cf4f9118e6e2"
    ],
    "__v": 0,
    "createdAt": "2025-07-12T08:15:42.448Z",
    "updatedAt": "2025-11-01T12:54:36.644Z"
  },
  "route": "/api/orders/68d57899f02b2cd2a2d0a1bc"
}
[2025-11-07 14:40:09] INFO: Login attempt for username: Tania
[2025-11-07 14:40:19] ERROR: Login error for user 'Tania': Operation `users.findOne()` buffering timed out after 10000ms
