[2025-09-26 09:46:45] INFO: Login attempt for username: Tilemachos
[2025-09-26 09:46:45] WARN: Login failed: Incorrect password for user 'Tilemachos'
[2025-09-26 09:46:57] INFO: Login attempt for username: Tilemachos
[2025-09-26 09:46:57] WARN: Login failed: Incorrect password for user 'Tilemachos'
[2025-09-26 09:47:04] INFO: Login attempt for username: Tilemachos
[2025-09-26 09:47:04] INFO: User 'Tilemachos' logged in successfully
[2025-09-26 10:40:41] INFO: Login attempt for username: Tilemachos
[2025-09-26 10:40:41] INFO: User 'Tilemachos' logged in successfully
[2025-09-26 11:00:04] INFO: Login attempt for username: Tilemachos
[2025-09-26 11:00:04] INFO: User 'Tilemachos' logged in successfully
[2025-09-26 11:39:34] INFO: Order created successfully
{
  "order": {
    "Lock": false,
    "invoiceType": "Timologio",
    "orderType": "Κανονική",
    "orderNotes": "",
    "DateOfOrder": "2025-09-17T21:00:00.000Z",
    "customer_id": "68cbb5307b2bf693dcd801b9",
    "salesperson_id": "68c01242eb804c5b489f78aa",
    "contractor_id": "68c01704def3f14ccad0fcf3",
    "orderedFromCompany": "Sovet",
    "moneyDetails": {
      "timi_Timokatalogou": 0,
      "timi_Polisis": 1,
      "cash": 0,
      "bank": 0,
      "contractor_Share_Cash": 0,
      "contractor_Share_Bank": 0,
      "customer_Share_Cash": 0,
      "customer_Share_Bank": 0,
      "payments": [],
      "contractor_remainingShare_Cash": 0,
      "contractor_remainingShare_Bank": 0,
      "customer_remainingShare_Cash": 0,
      "customer_remainingShare_Bank": 0,
      "remainingCash": 0,
      "remainingBank": 0,
      "damages": [],
      "totalpaid": 0,
      "totaldamages": 0,
      "FPA": 0,
      "profit": 1,
      "totalCash": 0,
      "totalBank": 0,
      "_skipRemainingShareCalc": false
    },
    "_id": "68d65146ff57eb51c49f70fd",
    "createdAt": "2025-09-26T08:39:34.581Z",
    "updatedAt": "2025-09-26T08:39:34.581Z",
    "__v": 0
  }
}
[2025-09-26 11:39:49] INFO: Order created successfully
{
  "order": {
    "Lock": false,
    "invoiceType": "Timologio",
    "orderType": "Σύνθεση Ερμαρίων",
    "orderNotes": "",
    "DateOfOrder": "2025-09-01T21:00:00.000Z",
    "customer_id": "68cbb5307b2bf693dcd801b9",
    "salesperson_id": "68c01242eb804c5b489f78aa",
    "contractor_id": "68c0108adef3f14ccad0fcad",
    "orderedFromCompany": "Doors",
    "moneyDetails": {
      "timi_Timokatalogou": 0,
      "timi_Polisis": 1,
      "cash": 0,
      "bank": 0,
      "contractor_Share_Cash": 0,
      "contractor_Share_Bank": 0,
      "customer_Share_Cash": 0,
      "customer_Share_Bank": 0,
      "payments": [],
      "contractor_remainingShare_Cash": 0,
      "contractor_remainingShare_Bank": 0,
      "customer_remainingShare_Cash": 0,
      "customer_remainingShare_Bank": 0,
      "remainingCash": 0,
      "remainingBank": 0,
      "damages": [],
      "totalpaid": 0,
      "totaldamages": 0,
      "FPA": 0,
      "profit": 1,
      "totalCash": 0,
      "totalBank": 0,
      "_skipRemainingShareCalc": false
    },
    "_id": "68d65155ff57eb51c49f7110",
    "createdAt": "2025-09-26T08:39:49.368Z",
    "updatedAt": "2025-09-26T08:39:49.368Z",
    "__v": 0
  }
}
[2025-09-26 11:40:07] INFO: Order created successfully
{
  "order": {
    "Lock": false,
    "invoiceType": "Apodiksi",
    "orderType": "Σύνθεση Ερμαρίων",
    "orderNotes": "",
    "DateOfOrder": "2025-08-31T21:00:00.000Z",
    "customer_id": "68cbb5047b2bf693dcd8019d",
    "salesperson_id": "68c01242eb804c5b489f78aa",
    "contractor_id": "68c01704def3f14ccad0fcf3",
    "orderedFromCompany": "Appliances",
    "moneyDetails": {
      "timi_Timokatalogou": 0,
      "timi_Polisis": 1,
      "cash": 0,
      "bank": 0,
      "contractor_Share_Cash": 0,
      "contractor_Share_Bank": 0,
      "customer_Share_Cash": 0,
      "customer_Share_Bank": 0,
      "payments": [],
      "contractor_remainingShare_Cash": 0,
      "contractor_remainingShare_Bank": 0,
      "customer_remainingShare_Cash": 0,
      "customer_remainingShare_Bank": 0,
      "remainingCash": 0,
      "remainingBank": 0,
      "damages": [],
      "totalpaid": 0,
      "totaldamages": 0,
      "FPA": 0,
      "profit": 1,
      "totalCash": 0,
      "totalBank": 0,
      "_skipRemainingShareCalc": false
    },
    "_id": "68d65167ff57eb51c49f7123",
    "createdAt": "2025-09-26T08:40:07.671Z",
    "updatedAt": "2025-09-26T08:40:07.671Z",
    "__v": 0
  }
}
[2025-09-26 11:40:56] ERROR: Error creating order
{
  "error": "Order validation failed: DateOfOrder: Path `DateOfOrder` is required.",
  "stack": "ValidationError: Order validation failed: DateOfOrder: Path `DateOfOrder` is required.\n    at Document.invalidate (C:\\Users\\Cms\\Desktop\\CRML\\CRML\\backend\\node_modules\\mongoose\\lib\\document.js:3343:32)\n    at C:\\Users\\Cms\\Desktop\\CRML\\CRML\\backend\\node_modules\\mongoose\\lib\\document.js:3104:17\n    at C:\\Users\\Cms\\Desktop\\CRML\\CRML\\backend\\node_modules\\mongoose\\lib\\schemaType.js:1407:9\n    at process.processTicksAndRejections (node:internal/process/task_queues:77:11)"
}
[2025-09-26 11:41:17] INFO: Order created successfully
{
  "order": {
    "Lock": false,
    "invoiceType": "Timologio",
    "orderType": "Σύνθεση Ερμαρίων",
    "orderNotes": "",
    "DateOfOrder": "2025-08-31T21:00:00.000Z",
    "customer_id": "68cbb5307b2bf693dcd801b9",
    "salesperson_id": "68c01242eb804c5b489f78aa",
    "contractor_id": "68c01704def3f14ccad0fcf3",
    "orderedFromCompany": "CounterTop",
    "moneyDetails": {
      "timi_Timokatalogou": 0,
      "timi_Polisis": 2000,
      "cash": 0,
      "bank": 0,
      "contractor_Share_Cash": 0,
      "contractor_Share_Bank": 0,
      "customer_Share_Cash": 0,
      "customer_Share_Bank": 0,
      "payments": [],
      "contractor_remainingShare_Cash": 0,
      "contractor_remainingShare_Bank": 0,
      "customer_remainingShare_Cash": 0,
      "customer_remainingShare_Bank": 0,
      "remainingCash": 0,
      "remainingBank": 0,
      "damages": [],
      "totalpaid": 0,
      "totaldamages": 0,
      "FPA": 0,
      "profit": 2000,
      "totalCash": 0,
      "totalBank": 0,
      "_skipRemainingShareCalc": false
    },
    "_id": "68d651adff57eb51c49f713b",
    "createdAt": "2025-09-26T08:41:17.317Z",
    "updatedAt": "2025-09-26T08:41:17.317Z",
    "__v": 0
  }
}
[2025-09-26 11:49:54] INFO: Order created successfully
{
  "order": {
    "Lock": false,
    "invoiceType": "Apodiksi",
    "orderType": "Κανονική",
    "orderNotes": "",
    "DateOfOrder": "2025-09-12T21:00:00.000Z",
    "customer_id": "68cbb5307b2bf693dcd801b9",
    "salesperson_id": "68c01242eb804c5b489f78aa",
    "contractor_id": "68c01704def3f14ccad0fcf3",
    "orderedFromCompany": "Lube",
    "moneyDetails": {
      "timi_Timokatalogou": 0,
      "timi_Polisis": 1,
      "cash": 0,
      "bank": 0,
      "contractor_Share_Cash": 0,
      "contractor_Share_Bank": 0,
      "customer_Share_Cash": 0,
      "customer_Share_Bank": 0,
      "payments": [],
      "contractor_remainingShare_Cash": 0,
      "contractor_remainingShare_Bank": 0,
      "customer_remainingShare_Cash": 0,
      "customer_remainingShare_Bank": 0,
      "remainingCash": 0,
      "remainingBank": 0,
      "damages": [],
      "totalpaid": 0,
      "totaldamages": 0,
      "FPA": 0,
      "profit": 1,
      "totalCash": 0,
      "totalBank": 0,
      "_skipRemainingShareCalc": false
    },
    "_id": "68d653b2ff57eb51c49f715e",
    "createdAt": "2025-09-26T08:49:54.909Z",
    "updatedAt": "2025-09-26T08:49:54.909Z",
    "__v": 0
  }
}
[2025-09-26 11:50:12] INFO: Order created successfully
{
  "order": {
    "Lock": false,
    "invoiceType": "Timologio",
    "orderType": "Κανονική",
    "orderNotes": "",
    "DateOfOrder": "2025-08-31T21:00:00.000Z",
    "customer_id": "68cbb5047b2bf693dcd8019d",
    "salesperson_id": "68c01242eb804c5b489f78aa",
    "contractor_id": "68c0108adef3f14ccad0fcad",
    "orderedFromCompany": "Lube",
    "moneyDetails": {
      "timi_Timokatalogou": 0,
      "timi_Polisis": 1,
      "cash": 0,
      "bank": 0,
      "contractor_Share_Cash": 0,
      "contractor_Share_Bank": 0,
      "customer_Share_Cash": 0,
      "customer_Share_Bank": 0,
      "payments": [],
      "contractor_remainingShare_Cash": 0,
      "contractor_remainingShare_Bank": 0,
      "customer_remainingShare_Cash": 0,
      "customer_remainingShare_Bank": 0,
      "remainingCash": 0,
      "remainingBank": 0,
      "damages": [],
      "totalpaid": 0,
      "totaldamages": 0,
      "FPA": 0,
      "profit": 1,
      "totalCash": 0,
      "totalBank": 0,
      "_skipRemainingShareCalc": false
    },
    "_id": "68d653c4ff57eb51c49f7171",
    "createdAt": "2025-09-26T08:50:12.194Z",
    "updatedAt": "2025-09-26T08:50:12.194Z",
    "__v": 0
  }
}
[2025-09-26 12:08:45] INFO: Login attempt for username: Tilemachos
[2025-09-26 12:08:46] INFO: User 'Tilemachos' logged in successfully
