[2025-10-01 11:59:26] INFO: Login attempt for username: Tilemachos
[2025-10-01 11:59:26] INFO: User 'Tilemachos' logged in successfully
[2025-10-01 12:44:14] INFO: Login attempt for username: Tilemachos
[2025-10-01 12:44:14] INFO: User 'Tilemachos' logged in successfully
[2025-10-01 12:49:36] INFO: Login attempt for username: Marios
[2025-10-01 12:49:36] INFO: User 'Marios' logged in successfully
[2025-10-01 13:02:18] INFO: Order created successfully
{
  "order": {
    "Lock": false,
    "invoiceType": "Timologio",
    "orderType": "Κανονική",
    "orderNotes": "",
    "DateOfOrder": "2025-10-23T21:00:00.000Z",
    "customer_id": "68d655e63b07a93a96dbaa13",
    "salesperson_id": "68dcf924570373f00ce9190e",
    "contractor_id": "68c0108adef3f14ccad0fcad",
    "orderedFromCompany": "Sovet",
    "moneyDetails": {
      "timi_Timokatalogou": 999999999999,
      "timi_Polisis": 999999999999999,
      "cash": 0,
      "bank": 0,
      "contractor_Share_Cash": 0,
      "contractor_Share_Bank": 0,
      "customer_Share_Cash": 0,
      "customer_Share_Bank": 0,
      "payments": [],
      "contractor_remainingShare_Cash": 0,
      "contractor_remainingShare_Bank": 0,
      "customer_remainingShare_Cash": 0,
      "customer_remainingShare_Bank": 0,
      "remainingCash": 0,
      "remainingBank": 0,
      "damages": [],
      "totalpaid": 0,
      "totaldamages": 0,
      "FPA": 0,
      "profit": 999000000000000,
      "totalCash": 0,
      "totalBank": 0,
      "_skipRemainingShareCalc": false
    },
    "_id": "68dcfc2af542121b9573b921",
    "createdAt": "2025-10-01T10:02:18.429Z",
    "updatedAt": "2025-10-01T10:02:18.429Z",
    "__v": 0
  }
}
[2025-10-01 13:02:44] INFO: Order created successfully
{
  "order": {
    "Lock": false,
    "invoiceType": "Apodiksi",
    "orderType": "Κανονική",
    "orderNotes": "",
    "DateOfOrder": "2025-06-25T21:00:00.000Z",
    "customer_id": "68cbb8383779c4c0b81dffc6",
    "salesperson_id": "68dcf924570373f00ce9190e",
    "contractor_id": "68d6592b7f923cf4fa4312b2",
    "orderedFromCompany": "Doors",
    "moneyDetails": {
      "timi_Timokatalogou": 1,
      "timi_Polisis": 2,
      "cash": 0,
      "bank": 0,
      "contractor_Share_Cash": 0,
      "contractor_Share_Bank": 0,
      "customer_Share_Cash": 0,
      "customer_Share_Bank": 0,
      "payments": [],
      "contractor_remainingShare_Cash": 0,
      "contractor_remainingShare_Bank": 0,
      "customer_remainingShare_Cash": 0,
      "customer_remainingShare_Bank": 0,
      "remainingCash": 0,
      "remainingBank": 0,
      "damages": [],
      "totalpaid": 0,
      "totaldamages": 0,
      "FPA": 0,
      "profit": 1,
      "totalCash": 0,
      "totalBank": 0,
      "_skipRemainingShareCalc": false
    },
    "_id": "68dcfc44f542121b9573b9b8",
    "createdAt": "2025-10-01T10:02:44.323Z",
    "updatedAt": "2025-10-01T10:02:44.323Z",
    "__v": 0
  }
}
[2025-10-01 13:10:57] WARN: Invalid order ID requested
{
  "id": "search",
  "route": "/api/orders/search?q=%CF%83"
}
[2025-10-01 13:10:58] WARN: Invalid order ID requested
{
  "id": "search",
  "route": "/api/orders/search?q=a"
}
[2025-10-01 13:11:09] WARN: Invalid order ID requested
{
  "id": "search",
  "route": "/api/orders/search?q=a"
}
[2025-10-01 14:05:51] INFO: Order fetched successfully
{
  "orderId": "68da1493837236a2cd803f5f",
  "user": {
    "_id": "68c01242eb804c5b489f78aa",
    "firstName": "Tilemachos",
    "lastName": "Tsourelas",
    "Role": "manager",
    "customers": [
      "68c012e3def3f14ccad0fcb4",
      "68cbb5047b2bf693dcd8019d",
      "68cbb5307b2bf693dcd801b9",
      "68d655e63b07a93a96dbaa13"
    ],
    "orders": [
      "68c0166adef3f14ccad0fcd9",
      "68cbb03c5d4034bc0a08b1a5",
      "68cbb5197b2bf693dcd801ab",
      "68cbb5577b2bf693dcd801c7",
      "68d65146ff57eb51c49f70fd",
      "68d65155ff57eb51c49f7110",
      "68d65167ff57eb51c49f7123",
      "68d651adff57eb51c49f713b",
      "68d653b2ff57eb51c49f715e",
      "68d653c4ff57eb51c49f7171",
      "68d66ccb7f923cf4fa4312eb",
      "68d66d227f923cf4fa431310",
      "68d66d377f923cf4fa431323",
      "68d66d487f923cf4fa431336",
      "68d66dd87f923cf4fa43134d",
      "68d66de67f923cf4fa431360",
      "68d66df77f923cf4fa431373",
      "68d670f87f923cf4fa4313a2",
      "68d678b97f923cf4fa4313d5",
      "68d687f07f923cf4fa43143a"
    ],
    "createdAt": "2025-09-09T11:40:50.272Z",
    "updatedAt": "2025-09-26T12:32:48.615Z",
    "__v": 0
  },
  "route": "/api/orders/68da1493837236a2cd803f5f"
}
[2025-10-01 14:29:44] INFO: Order created successfully
{
  "order": {
    "Lock": false,
    "invoiceType": "Timologio",
    "orderType": "Κανονική",
    "orderNotes": "",
    "DateOfOrder": "2025-10-15T21:00:00.000Z",
    "customer_id": "68dd0e5bf542121b9573bc9c",
    "salesperson_id": "68dcf924570373f00ce9190e",
    "contractor_id": "68c0108adef3f14ccad0fcad",
    "orderedFromCompany": "Lube",
    "moneyDetails": {
      "timi_Timokatalogou": 0,
      "timi_Polisis": 1,
      "cash": 0,
      "bank": 0,
      "contractor_Share_Cash": 0,
      "contractor_Share_Bank": 0,
      "customer_Share_Cash": 0,
      "customer_Share_Bank": 0,
      "payments": [],
      "contractor_remainingShare_Cash": 0,
      "contractor_remainingShare_Bank": 0,
      "customer_remainingShare_Cash": 0,
      "customer_remainingShare_Bank": 0,
      "remainingCash": 0,
      "remainingBank": 0,
      "damages": [],
      "totalpaid": 0,
      "totaldamages": 0,
      "FPA": 0,
      "profit": 1,
      "totalCash": 0,
      "totalBank": 0,
      "_skipRemainingShareCalc": false
    },
    "_id": "68dd10a8f542121b9573bcad",
    "createdAt": "2025-10-01T11:29:44.167Z",
    "updatedAt": "2025-10-01T11:29:44.167Z",
    "__v": 0
  }
}
[2025-10-01 14:29:46] INFO: Order fetched successfully
{
  "orderId": "68dd10a8f542121b9573bcad",
  "user": {
    "_id": "68dcf924570373f00ce9190e",
    "firstName": "Μάριος",
    "lastName": "Τσουρέλας",
    "Role": "manager",
    "customers": [
      "68dd0c12f542121b9573bc92",
      "68dd0e5bf542121b9573bc9c"
    ],
    "orders": [
      "68dcfc2af542121b9573b921",
      "68dcfc44f542121b9573b9b8",
      "68dd10a8f542121b9573bcad"
    ],
    "createdAt": "2025-10-01T09:49:24.785Z",
    "updatedAt": "2025-10-01T11:29:44.170Z",
    "__v": 0
  },
  "route": "/api/orders/68dd10a8f542121b9573bcad"
}
[2025-10-01 14:30:03] INFO: Order fetched successfully
{
  "orderId": "68dd10a8f542121b9573bcad",
  "user": {
    "_id": "68dcf924570373f00ce9190e",
    "firstName": "Μάριος",
    "lastName": "Τσουρέλας",
    "Role": "manager",
    "customers": [
      "68dd0c12f542121b9573bc92",
      "68dd0e5bf542121b9573bc9c"
    ],
    "orders": [
      "68dcfc2af542121b9573b921",
      "68dcfc44f542121b9573b9b8",
      "68dd10a8f542121b9573bcad"
    ],
    "createdAt": "2025-10-01T09:49:24.785Z",
    "updatedAt": "2025-10-01T11:29:44.170Z",
    "__v": 0
  },
  "route": "/api/orders/68dd10a8f542121b9573bcad"
}
[2025-10-01 14:53:58] INFO: Order fetched successfully
{
  "orderId": "68dd10a8f542121b9573bcad",
  "user": {
    "_id": "68dcf924570373f00ce9190e",
    "firstName": "Μάριος",
    "lastName": "Τσουρέλας",
    "Role": "manager",
    "customers": [
      "68dd0c12f542121b9573bc92",
      "68dd0e5bf542121b9573bc9c"
    ],
    "orders": [
      "68dcfc2af542121b9573b921",
      "68dcfc44f542121b9573b9b8",
      "68dd10a8f542121b9573bcad"
    ],
    "createdAt": "2025-10-01T09:49:24.785Z",
    "updatedAt": "2025-10-01T11:29:44.170Z",
    "__v": 0
  },
  "route": "/api/orders/68dd10a8f542121b9573bcad"
}
[2025-10-01 14:54:06] INFO: Order fetched successfully
{
  "orderId": "68dd10a8f542121b9573bcad",
  "user": {
    "_id": "68dcf924570373f00ce9190e",
    "firstName": "Μάριος",
    "lastName": "Τσουρέλας",
    "Role": "manager",
    "customers": [
      "68dd0c12f542121b9573bc92",
      "68dd0e5bf542121b9573bc9c"
    ],
    "orders": [
      "68dcfc2af542121b9573b921",
      "68dcfc44f542121b9573b9b8",
      "68dd10a8f542121b9573bcad"
    ],
    "createdAt": "2025-10-01T09:49:24.785Z",
    "updatedAt": "2025-10-01T11:29:44.170Z",
    "__v": 0
  },
  "route": "/api/orders/68dd10a8f542121b9573bcad"
}
[2025-10-01 15:42:48] INFO: Order fetched successfully
{
  "orderId": "68dd10a8f542121b9573bcad",
  "user": {
    "_id": "68dcf924570373f00ce9190e",
    "firstName": "Μάριος",
    "lastName": "Τσουρέλας",
    "Role": "manager",
    "customers": [
      "68dd0c12f542121b9573bc92",
      "68dd0e5bf542121b9573bc9c"
    ],
    "orders": [
      "68dcfc2af542121b9573b921",
      "68dcfc44f542121b9573b9b8",
      "68dd10a8f542121b9573bcad"
    ],
    "createdAt": "2025-10-01T09:49:24.785Z",
    "updatedAt": "2025-10-01T11:29:44.170Z",
    "__v": 0
  },
  "route": "/api/orders/68dd10a8f542121b9573bcad"
}
