[2025-07-18 12:47:54] INFO: Login attempt for username: Thei
[2025-07-18 12:47:54] INFO: User 'Thei' logged in successfully
[2025-07-18 12:49:44] INFO: Order fetched successfully
{
  "orderId": "687a15f7a5f555dfa5c16a6c",
  "user": "unknown",
  "route": "/api/orders/687a15f7a5f555dfa5c16a6c"
}
[2025-07-18 12:50:50] INFO: Order fetched successfully
{
  "orderId": "687a15f7a5f555dfa5c16a6c",
  "user": "unknown",
  "route": "/api/orders/687a15f7a5f555dfa5c16a6c"
}
[2025-07-18 12:52:06] INFO: Order fetched successfully
{
  "orderId": "687a15f7a5f555dfa5c16a6c",
  "user": "unknown",
  "route": "/api/orders/687a15f7a5f555dfa5c16a6c"
}
[2025-07-18 12:52:10] INFO: Order fetched successfully
{
  "orderId": "687a15f7a5f555dfa5c16a6c",
  "user": "unknown",
  "route": "/api/orders/687a15f7a5f555dfa5c16a6c"
}
[2025-07-18 12:53:35] INFO: Order fetched successfully
{
  "orderId": "687a15f7a5f555dfa5c16a6c",
  "user": "unknown",
  "route": "/api/orders/687a15f7a5f555dfa5c16a6c"
}
[2025-07-18 12:53:47] INFO: Order fetched successfully
{
  "orderId": "687a15f7a5f555dfa5c16a6c",
  "user": {
    "_id": "685535785a7cfef9258aacab",
    "firstName": "Θαίη",
    "lastName": "Κάτι",
    "customers": [
      "685a5e954306c37b35f8bac7",
      "685a5fb34306c37b35f8bafd",
      "6867c34e5a6c65569eabba1a",
      "686fa771b3a440ca709bf502",
      "68779ebc9d72118a2626575e"
    ],
    "orders": [
      "683016d9ecdcf807e9e26cdb",
      "6855361ac84b5be6ff5c1e3e",
      "68590215d0f09f49d95b461e",
      "6867c3a75a6c65569eabbb06",
      "6870fe87c163055338f4254d",
      "6870fee63d002eb63062d7a9",
      "687a15f7a5f555dfa5c16a6c"
    ],
    "__v": 0,
    "createdAt": "2025-05-23T06:29:21.921Z",
    "updatedAt": "2025-07-18T09:37:59.617Z"
  },
  "route": "/api/orders/687a15f7a5f555dfa5c16a6c"
}
